<?xml version="1.0" encoding="UTF-8"?>
<testng-results ignored="0" total="1" passed="1" failed="0" skipped="0">
  <reporter-output>
  </reporter-output>
  <suite started-at="2024-07-31T19:59:57 IST" name="Default suite" finished-at="2024-07-31T20:00:13 IST" duration-ms="16169">
    <groups>
    </groups>
    <test started-at="2024-07-31T19:59:57 IST" name="Default test" finished-at="2024-07-31T20:00:13 IST" duration-ms="16169">
      <class name="webElementTestCases.LoginTestCase">
        <test-method is-config="true" signature="openBrowserSetUp()[pri:0, instance:webElementTestCases.LoginTestCase@5dda768f]" started-at="2024-07-31T19:59:57 IST" name="openBrowserSetUp" finished-at="2024-07-31T20:00:09 IST" duration-ms="11853" status="PASS">
          <reporter-output>
          </reporter-output>
        </test-method> <!-- openBrowserSetUp -->
        <test-method signature="LoginPage()[pri:0, instance:webElementTestCases.LoginTestCase@5dda768f]" started-at="2024-07-31T20:00:09 IST" name="LoginPage" finished-at="2024-07-31T20:00:13 IST" duration-ms="4244" status="PASS">
          <reporter-output>
          </reporter-output>
        </test-method> <!-- LoginPage -->
      </class> <!-- webElementTestCases.LoginTestCase -->
    </test> <!-- Default test -->
  </suite> <!-- Default suite -->
</testng-results>
